#
# There is insufficient memory for the Java Runtime Environment to continue.
# Native memory allocation (malloc) failed to allocate 32756 bytes for ChunkPool::allocate
# Possible reasons:
#   The system is out of physical RAM or swap space
#   In 32 bit mode, the process size limit was hit
# Possible solutions:
#   Reduce memory load on the system
#   Increase physical memory or swap space
#   Check if swap backing store is full
#   Use 64 bit Java on a 64 bit OS
#   Decrease Java heap size (-Xmx/-Xms)
#   Decrease number of Java threads
#   Decrease Java thread stack sizes (-Xss)
#   Set larger code cache with -XX:ReservedCodeCacheSize=
# This output file may be truncated or incomplete.
#
#  Out of Memory Error (allocation.cpp:222), pid=8332, tid=15520
#
# JRE version: 7.0_21-b11
# Java VM: Java HotSpot(TM) Client VM (23.21-b01 mixed mode windows-x86 )
# Failed to write core dump. Minidumps are not enabled by default on client versions of Windows
#

---------------  T H R E A D  ---------------

Current thread (0x00b0ec00):  JavaThread "C1 CompilerThread0" daemon [_thread_in_native, id=15520, stack(0x00d70000,0x00dc0000)]

Stack: [0x00d70000,0x00dc0000],  sp=0x00dbf0e4,  free space=316k
Native frames: (J=compiled Java code, j=interpreted, Vv=VM code, C=native code)
V  [jvm.dll+0x170511]
V  [jvm.dll+0x16a815]
V  [jvm.dll+0x5e7d5]
V  [jvm.dll+0x5e992]
V  [jvm.dll+0x5eb43]
V  [jvm.dll+0x256686]
V  [jvm.dll+0x258dbd]
V  [jvm.dll+0x25a260]
V  [jvm.dll+0x25a649]
V  [jvm.dll+0x241917]
V  [jvm.dll+0x2419ca]
V  [jvm.dll+0x241b27]
V  [jvm.dll+0x241dad]
V  [jvm.dll+0x465fe]
V  [jvm.dll+0x46b74]
V  [jvm.dll+0x14b777]
V  [jvm.dll+0x14b8e0]
V  [jvm.dll+0x1802a9]
C  [msvcr100.dll+0x5c6de]
C  [msvcr100.dll+0x5c788]
C  [KERNEL32.DLL+0x1dea4]
C  [ntdll.dll+0x5055e]
C  [ntdll.dll+0x5052d]


Current CompileTask:
C1:   7694  413   !         facebook4j.internal.json.PostJSONImpl::init (1332 bytes)


---------------  P R O C E S S  ---------------

Java Threads: ( => current thread )
  0x03f9cc00 JavaThread "Keep-Alive-Timer" daemon [_thread_blocked, id=8916, stack(0x00f90000,0x00fe0000)]
  0x00b13400 JavaThread "Service Thread" daemon [_thread_blocked, id=16056, stack(0x00dc0000,0x00e10000)]
=>0x00b0ec00 JavaThread "C1 CompilerThread0" daemon [_thread_in_native, id=15520, stack(0x00d70000,0x00dc0000)]
  0x00b0d400 JavaThread "Attach Listener" daemon [_thread_blocked, id=11656, stack(0x00d20000,0x00d70000)]
  0x00b0b400 JavaThread "Signal Dispatcher" daemon [_thread_blocked, id=10284, stack(0x00cd0000,0x00d20000)]
  0x007b5c00 JavaThread "Finalizer" daemon [_thread_blocked, id=16196, stack(0x00a80000,0x00ad0000)]
  0x007afc00 JavaThread "Reference Handler" daemon [_thread_blocked, id=204, stack(0x00a30000,0x00a80000)]
  0x00a2c400 JavaThread "main" [_thread_in_Java, id=9564, stack(0x00670000,0x006c0000)]

Other Threads:
  0x007a8000 VMThread [stack: 0x009b0000,0x00a00000] [id=12248]
  0x00b23000 WatcherThread [stack: 0x00e10000,0x00e60000] [id=13876]

VM state:not at safepoint (normal execution)

VM Mutex/Monitor currently owned by a thread: None

Heap
 def new generation   total 4992K, used 3805K [0x23a70000, 0x23fd0000, 0x28fc0000)
  eden space 4480K,  84% used [0x23a70000, 0x23e276e8, 0x23ed0000)
  from space 512K,   0% used [0x23ed0000, 0x23ed0000, 0x23f50000)
  to   space 512K,   0% used [0x23f50000, 0x23f50000, 0x23fd0000)
 tenured generation   total 10944K, used 9708K [0x28fc0000, 0x29a70000, 0x33a70000)
   the space 10944K,  88% used [0x28fc0000, 0x2993b2c8, 0x2993b400, 0x29a70000)
 compacting perm gen  total 12288K, used 5621K [0x33a70000, 0x34670000, 0x37a70000)
   the space 12288K,  45% used [0x33a70000, 0x33fed7d0, 0x33fed800, 0x34670000)
No shared spaces configured.

Card table byte_map: [0x00850000,0x00900000] byte_map_base: 0x00732c80

Polling page: 0x00520000

Code Cache  [0x01e10000, 0x01f70000, 0x03e10000)
 total_blobs=568 nmethods=413 adapters=90 free_code_cache=31375Kb largest_free_block=32128000

Compilation events (10 events):
Event: 7.679 Thread 0x00b0ec00 nmethod 408 0x01f6b2c8 code [0x01f6b3d0, 0x01f6b5bc]
Event: 7.679 Thread 0x00b0ec00  409             java.lang.AbstractStringBuilder::append (40 bytes)
Event: 7.679 Thread 0x00b0ec00 nmethod 409 0x01f6b648 code [0x01f6b750, 0x01f6b8c8]
Event: 7.679 Thread 0x00b0ec00  410             java.lang.Long::parseLong (7 bytes)
Event: 7.679 Thread 0x00b0ec00 nmethod 410 0x01f6b988 code [0x01f6ba80, 0x01f6bb0c]
Event: 7.679 Thread 0x00b0ec00  411             java.text.DigitList::isLongMIN_VALUE (56 bytes)
Event: 7.679 Thread 0x00b0ec00 nmethod 411 0x01f6bb88 code [0x01f6bc90, 0x01f6bdb0]
Event: 7.679 Thread 0x00b0ec00  412             java.text.DigitList::getStringBuffer (36 bytes)
Event: 7.679 Thread 0x00b0ec00 nmethod 412 0x01f6bec8 code [0x01f6bfd0, 0x01f6c2dc]
Event: 7.679 Thread 0x00b0ec00  413   !         facebook4j.internal.json.PostJSONImpl::init (1332 bytes)

GC Heap History (10 events):
Event: 7.495 GC heap before
{Heap before GC invocations=10 (full 0):
 def new generation   total 4928K, used 4478K [0x23a70000, 0x23fc0000, 0x28fc0000)
  eden space 4416K, 100% used [0x23a70000, 0x23ec0000, 0x23ec0000)
  from space 512K,  12% used [0x23ec0000, 0x23ecfb38, 0x23f40000)
  to   space 512K,   0% used [0x23f40000, 0x23f40000, 0x23fc0000)
 tenured generation   total 10944K, used 8616K [0x28fc0000, 0x29a70000, 0x33a70000)
   the space 10944K,  78% used [0x28fc0000, 0x2982a068, 0x2982a200, 0x29a70000)
 compacting perm gen  total 12288K, used 5324K [0x33a70000, 0x34670000, 0x37a70000)
   the space 12288K,  43% used [0x33a70000, 0x33fa3360, 0x33fa3400, 0x34670000)
No shared spaces configured.
Event: 7.497 GC heap after
Heap after GC invocations=11 (full 0):
 def new generation   total 4928K, used 66K [0x23a70000, 0x23fc0000, 0x28fc0000)
  eden space 4416K,   0% used [0x23a70000, 0x23a70000, 0x23ec0000)
  from space 512K,  12% used [0x23f40000, 0x23f50878, 0x23fc0000)
  to   space 512K,   0% used [0x23ec0000, 0x23ec0000, 0x23f40000)
 tenured generation   total 10944K, used 10420K [0x28fc0000, 0x29a70000, 0x33a70000)
   the space 10944K,  95% used [0x28fc0000, 0x299ed070, 0x299ed200, 0x29a70000)
 compacting perm gen  total 12288K, used 5324K [0x33a70000, 0x34670000, 0x37a70000)
   the space 12288K,  43% used [0x33a70000, 0x33fa3360, 0x33fa3400, 0x34670000)
No shared spaces configured.
}
Event: 7.501 GC heap before
{Heap before GC invocations=11 (full 0):
 def new generation   total 4928K, used 4461K [0x23a70000, 0x23fc0000, 0x28fc0000)
  eden space 4416K,  99% used [0x23a70000, 0x23ebae20, 0x23ec0000)
  from space 512K,  12% used [0x23f40000, 0x23f50878, 0x23fc0000)
  to   space 512K,   0% used [0x23ec0000, 0x23ec0000, 0x23f40000)
 tenured generation   total 10944K, used 10420K [0x28fc0000, 0x29a70000, 0x33a70000)
   the space 10944K,  95% used [0x28fc0000, 0x299ed070, 0x299ed200, 0x29a70000)
 compacting perm gen  total 12288K, used 5324K [0x33a70000, 0x34670000, 0x37a70000)
   the space 12288K,  43% used [0x33a70000, 0x33fa3360, 0x33fa3400, 0x34670000)
No shared spaces configured.
Event: 7.502 GC heap after
Heap after GC invocations=12 (full 0):
 def new generation   total 4928K, used 81K [0x23a70000, 0x23fc0000, 0x28fc0000)
  eden space 4416K,   0% used [0x23a70000, 0x23a70000, 0x23ec0000)
  from space 512K,  15% used [0x23ec0000, 0x23ed4478, 0x23f40000)
  to   space 512K,   0% used [0x23f40000, 0x23f40000, 0x23fc0000)
 tenured generation   total 10944K, used 10420K [0x28fc0000, 0x29a70000, 0x33a70000)
   the space 10944K,  95% used [0x28fc0000, 0x299ed070, 0x299ed200, 0x29a70000)
 compacting perm gen  total 12288K, used 5324K [0x33a70000, 0x34670000, 0x37a70000)
   the space 12288K,  43% used [0x33a70000, 0x33fa3360, 0x33fa3400, 0x34670000)
No shared spaces configured.
}
Event: 7.503 GC heap before
{Heap before GC invocations=12 (full 0):
 def new generation   total 4928K, used 2728K [0x23a70000, 0x23fc0000, 0x28fc0000)
  eden space 4416K,  59% used [0x23a70000, 0x23d05cc0, 0x23ec0000)
  from space 512K,  15% used [0x23ec0000, 0x23ed4478, 0x23f40000)
  to   space 512K,   0% used [0x23f40000, 0x23f40000, 0x23fc0000)
 tenured generation   total 10944K, used 10420K [0x28fc0000, 0x29a70000, 0x33a70000)
   the space 10944K,  95% used [0x28fc0000, 0x299ed070, 0x299ed200, 0x29a70000)
 compacting perm gen  total 12288K, used 5324K [0x33a70000, 0x34670000, 0x37a70000)
   the space 12288K,  43% used [0x33a70000, 0x33fa3360, 0x33fa3400, 0x34670000)
No shared spaces configured.
Event: 7.527 GC heap after
Heap after GC invocations=13 (full 1):
 def new generation   total 4992K, used 0K [0x23a70000, 0x23fd0000, 0x28fc0000)
  eden space 4480K,   0% used [0x23a70000, 0x23a70000, 0x23ed0000)
  from space 512K,   0% used [0x23ed0000, 0x23ed0000, 0x23f50000)
  to   space 512K,   0% used [0x23f50000, 0x23f50000, 0x23fd0000)
 tenured generation   total 10944K, used 8574K [0x28fc0000, 0x29a70000, 0x33a70000)
   the space 10944K,  78% used [0x28fc0000, 0x2981fbb0, 0x2981fc00, 0x29a70000)
 compacting perm gen  total 12288K, used 5324K [0x33a70000, 0x34670000, 0x37a70000)
   the space 12288K,  43% used [0x33a70000, 0x33fa3360, 0x33fa3400, 0x34670000)
No shared spaces configured.
}
Event: 7.531 GC heap before
{Heap before GC invocations=13 (full 1):
 def new generation   total 4992K, used 3908K [0x23a70000, 0x23fd0000, 0x28fc0000)
  eden space 4480K,  87% used [0x23a70000, 0x23e41288, 0x23ed0000)
  from space 512K,   0% used [0x23ed0000, 0x23ed0000, 0x23f50000)
  to   space 512K,   0% used [0x23f50000, 0x23f50000, 0x23fd0000)
 tenured generation   total 10944K, used 8574K [0x28fc0000, 0x29a70000, 0x33a70000)
   the space 10944K,  78% used [0x28fc0000, 0x2981fbb0, 0x2981fc00, 0x29a70000)
 compacting perm gen  total 12288K, used 5324K [0x33a70000, 0x34670000, 0x37a70000)
   the space 12288K,  43% used [0x33a70000, 0x33fa3360, 0x33fa3400, 0x34670000)
No shared spaces configured.
Event: 7.550 GC heap after
Heap after GC invocations=14 (full 2):
 def new generation   total 4992K, used 0K [0x23a70000, 0x23fd0000, 0x28fc0000)
  eden space 4480K,   0% used [0x23a70000, 0x23a70000, 0x23ed0000)
  from space 512K,   0% used [0x23f50000, 0x23f50000, 0x23fd0000)
  to   space 512K,   0% used [0x23ed0000, 0x23ed0000, 0x23f50000)
 tenured generation   total 10944K, used 8574K [0x28fc0000, 0x29a70000, 0x33a70000)
   the space 10944K,  78% used [0x28fc0000, 0x2981fbc8, 0x2981fc00, 0x29a70000)
 compacting perm gen  total 12288K, used 5324K [0x33a70000, 0x34670000, 0x37a70000)
   the space 12288K,  43% used [0x33a70000, 0x33fa3360, 0x33fa3400, 0x34670000)
No shared spaces configured.
}
Event: 7.551 GC heap before
{Heap before GC invocations=14 (full 2):
 def new generation   total 4992K, used 3891K [0x23a70000, 0x23fd0000, 0x28fc0000)
  eden space 4480K,  86% used [0x23a70000, 0x23e3cdf0, 0x23ed0000)
  from space 512K,   0% used [0x23f50000, 0x23f50000, 0x23fd0000)
  to   space 512K,   0% used [0x23ed0000, 0x23ed0000, 0x23f50000)
 tenured generation   total 10944K, used 8574K [0x28fc0000, 0x29a70000, 0x33a70000)
   the space 10944K,  78% used [0x28fc0000, 0x2981fbc8, 0x2981fc00, 0x29a70000)
 compacting perm gen  total 12288K, used 5324K [0x33a70000, 0x34670000, 0x37a70000)
   the space 12288K,  43% used [0x33a70000, 0x33fa3360, 0x33fa3400, 0x34670000)
No shared spaces configured.
Event: 7.574 GC heap after
Heap after GC invocations=15 (full 3):
 def new generation   total 4992K, used 0K [0x23a70000, 0x23fd0000, 0x28fc0000)
  eden space 4480K,   0% used [0x23a70000, 0x23a70000, 0x23ed0000)
  from space 512K,   0% used [0x23ed0000, 0x23ed0000, 0x23f50000)
  to   space 512K,   0% used [0x23f50000, 0x23f50000, 0x23fd0000)
 tenured generation   total 10944K, used 9708K [0x28fc0000, 0x29a70000, 0x33a70000)
   the space 10944K,  88% used [0x28fc0000, 0x2993b2c8, 0x2993b400, 0x29a70000)
 compacting perm gen  total 12288K, used 5324K [0x33a70000, 0x34670000, 0x37a70000)
   the space 12288K,  43% used [0x33a70000, 0x33fa3360, 0x33fa3400, 0x34670000)
No shared spaces configured.
}

Deoptimization events (0 events):
No events

Internal exceptions (10 events):
Event: 7.584 Thread 0x00a2c400 Threw 0x23c07860 at C:\jdk7u2_32P\jdk7u21\hotspot\src\share\vm\prims\jvm.cpp:1166
Event: 7.585 Thread 0x00a2c400 Threw 0x23c0eb38 at C:\jdk7u2_32P\jdk7u21\hotspot\src\share\vm\prims\jvm.cpp:1166
Event: 7.586 Thread 0x00a2c400 Threw 0x23c1a018 at C:\jdk7u2_32P\jdk7u21\hotspot\src\share\vm\prims\jvm.cpp:1166
Event: 7.629 Thread 0x00a2c400 Threw 0x23c31720 at C:\jdk7u2_32P\jdk7u21\hotspot\src\share\vm\prims\jvm.cpp:1166
Event: 7.631 Thread 0x00a2c400 Threw 0x23c45c58 at C:\jdk7u2_32P\jdk7u21\hotspot\src\share\vm\prims\jvm.cpp:1166
Event: 7.632 Thread 0x00a2c400 Threw 0x23c4da98 at C:\jdk7u2_32P\jdk7u21\hotspot\src\share\vm\prims\jvm.cpp:1166
Event: 7.633 Thread 0x00a2c400 Threw 0x23c51e10 at C:\jdk7u2_32P\jdk7u21\hotspot\src\share\vm\prims\jvm.cpp:1166
Event: 7.633 Thread 0x00a2c400 Threw 0x23c59db0 at C:\jdk7u2_32P\jdk7u21\hotspot\src\share\vm\prims\jvm.cpp:1166
Event: 7.633 Thread 0x00a2c400 Threw 0x23c5d1d0 at C:\jdk7u2_32P\jdk7u21\hotspot\src\share\vm\prims\jvm.cpp:1166
Event: 7.635 Thread 0x00a2c400 Threw 0x23c68a10 at C:\jdk7u2_32P\jdk7u21\hotspot\src\share\vm\prims\jvm.cpp:1166

Events (10 events):
Event: 7.632 loading class 0x00c5dd78
Event: 7.632 loading class 0x00c5dd78 done
Event: 7.633 loading class 0x03f7af08
Event: 7.633 loading class 0x03f7af08 done
Event: 7.633 loading class 0x03e14b30
Event: 7.633 loading class 0x03e14b30 done
Event: 7.633 loading class 0x03e1e188
Event: 7.633 loading class 0x03e1e188 done
Event: 7.635 loading class 0x00cb16e8
Event: 7.635 loading class 0x00cb16e8 done


Dynamic libraries:
0x011e0000 - 0x0120f000 	C:\Program Files\Java\jre7\bin\javaw.exe
0x779d0000 - 0x77b49000 	C:\WINDOWS\SYSTEM32\ntdll.dll
0x76df0000 - 0x76e85000 	C:\WINDOWS\system32\KERNEL32.DLL
0x751e0000 - 0x75357000 	C:\WINDOWS\system32\KERNELBASE.dll
0x76c10000 - 0x76c8b000 	C:\WINDOWS\system32\ADVAPI32.dll
0x77310000 - 0x773ce000 	C:\WINDOWS\system32\msvcrt.dll
0x75650000 - 0x75693000 	C:\WINDOWS\system32\sechost.dll
0x776f0000 - 0x777b2000 	C:\WINDOWS\system32\RPCRT4.dll
0x771c0000 - 0x772f4000 	C:\WINDOWS\system32\USER32.dll
0x773d0000 - 0x77525000 	C:\WINDOWS\system32\GDI32.dll
0x73ca0000 - 0x73ea9000 	C:\WINDOWS\WinSxS\x86_microsoft.windows.common-controls_6595b64144ccf1df_6.0.10240.16384_none_3bccb1ff6bcd1849\COMCTL32.dll
0x77100000 - 0x7712f000 	C:\WINDOWS\system32\IMM32.DLL
0x75720000 - 0x75840000 	C:\WINDOWS\system32\MSCTF.dll
0x5e590000 - 0x5e64e000 	C:\Program Files\Java\jre7\bin\msvcr100.dll
0x6e300000 - 0x6e64f000 	C:\Program Files\Java\jre7\bin\client\jvm.dll
0x75840000 - 0x75846000 	C:\WINDOWS\system32\PSAPI.DLL
0x71e80000 - 0x71ea4000 	C:\WINDOWS\SYSTEM32\WINMM.dll
0x71e00000 - 0x71e23000 	C:\WINDOWS\SYSTEM32\WINMMBASE.dll
0x6bf40000 - 0x6bf48000 	C:\WINDOWS\SYSTEM32\WSOCK32.dll
0x753b0000 - 0x753e6000 	C:\WINDOWS\system32\cfgmgr32.dll
0x76c90000 - 0x76cec000 	C:\WINDOWS\system32\WS2_32.dll
0x77300000 - 0x77307000 	C:\WINDOWS\system32\NSI.dll
0x732a0000 - 0x732c1000 	C:\WINDOWS\SYSTEM32\DEVOBJ.dll
0x6d270000 - 0x6d27c000 	C:\Program Files\Java\jre7\bin\verify.dll
0x6a9f0000 - 0x6aa10000 	C:\Program Files\Java\jre7\bin\java.dll
0x6a9d0000 - 0x6a9e3000 	C:\Program Files\Java\jre7\bin\zip.dll
0x6a220000 - 0x6a240000 	C:\Program Files\Java\jre7\bin\sunec.dll
0x6a740000 - 0x6a749000 	C:\Program Files\Java\jre7\bin\sunmscapi.dll
0x74b80000 - 0x74cf5000 	C:\WINDOWS\system32\CRYPT32.dll
0x74b60000 - 0x74b6e000 	C:\WINDOWS\system32\MSASN1.dll
0x744d0000 - 0x744e3000 	C:\WINDOWS\SYSTEM32\CRYPTSP.dll
0x74720000 - 0x7473d000 	C:\WINDOWS\SYSTEM32\bcrypt.dll
0x741b0000 - 0x741df000 	C:\WINDOWS\system32\rsaenh.dll
0x74280000 - 0x74299000 	C:\WINDOWS\SYSTEM32\USERENV.dll
0x74b70000 - 0x74b7f000 	C:\WINDOWS\system32\profapi.dll
0x749a0000 - 0x749f9000 	C:\WINDOWS\system32\bcryptprimitives.dll
0x74600000 - 0x7460a000 	C:\WINDOWS\SYSTEM32\CRYPTBASE.dll
0x6a9b0000 - 0x6a9c4000 	C:\Program Files\Java\jre7\bin\net.dll
0x74480000 - 0x744d0000 	C:\WINDOWS\system32\mswsock.dll
0x71170000 - 0x71183000 	C:\WINDOWS\system32\NLAapi.dll
0x61630000 - 0x61642000 	C:\WINDOWS\system32\napinsp.dll
0x61610000 - 0x61626000 	C:\WINDOWS\system32\pnrpnsp.dll
0x712c0000 - 0x712d1000 	C:\WINDOWS\system32\wshbth.dll
0x6c420000 - 0x6c441000 	C:\Program Files\Bonjour\mdnsNSP.dll
0x707c0000 - 0x707f0000 	C:\WINDOWS\SYSTEM32\Iphlpapi.DLL
0x70b40000 - 0x70b48000 	C:\WINDOWS\SYSTEM32\WINNSI.DLL
0x742a0000 - 0x74324000 	C:\WINDOWS\SYSTEM32\DNSAPI.dll
0x61600000 - 0x6160b000 	C:\WINDOWS\System32\winrnr.dll
0x6c410000 - 0x6c418000 	C:\Windows\System32\rasadhlp.dll
0x6eeb0000 - 0x6eef6000 	C:\WINDOWS\System32\fwpuclnt.dll
0x6aa30000 - 0x6aa3e000 	C:\Program Files\Java\jre7\bin\nio.dll

VM Arguments:
jvm_args: -Dfile.encoding=Cp1252 
java_command: com.bitspedia.servlets.PostsFromPageExtractor
Launcher Type: SUN_STANDARD

Environment Variables:
CLASSPATH=.;C:\Program Files\Java\jre7\lib\ext\QTJava.zip
PATH=C:/Program Files/Java/jre7/bin/client;C:/Program Files/Java/jre7/bin;C:/Program Files/Java/jre7/lib/i386;C:\Users\ADMIN\bin\Sencha\Cmd\5.1.1.39;C:\Program Files\Common Files\Microsoft Shared\Windows Live;C:\Program Files\Broadcom\Broadcom 802.11 Network Adapter\Driver;C:\Program Files\Intel\iCLS Client\;C:\WINDOWS\system32;C:\WINDOWS;C:\WINDOWS\System32\Wbem;C:\WINDOWS\System32\WindowsPowerShell\v1.0\;C:\Program Files\Intel\OpenCL SDK\2.0\bin\x86;C:\Program Files\Intel\Intel(R) Management Engine Components\DAL;C:\Program Files\Intel\Intel(R) Management Engine Components\IPT;C:\Program Files\Intel\WiFi\bin\;C:\Program Files\Common Files\Intel\WirelessCommon\;C:\Program Files\Lenovo\Bluetooth Software\;c:\Program Files\Microsoft SQL Server\100\Tools\Binn\;c:\Program Files\Microsoft SQL Server\100\DTS\Binn\;c:\Program Files\Microsoft SQL Server\100\Tools\Binn\VSShell\Common7\IDE\;C:\Program Files\QuickTime\QTSystem\;C:\Program Files\Windows Live\Shared;C:\Program Files\Heroku\bin;C:\Program Files\git\cmd;C:\Program Files\Microsoft\Web Platform Installer\;C:\Program Files\Microsoft ASP.NET\ASP.NET Web Pages\v1.0\;C:\Program Files\Windows Kits\8.0\Windows Performance Toolkit\;C:\Program Files\Microsoft SQL Server\110\Tools\Binn\;C:\Program Files\MATLAB\R2013a\runtime\win32;C:\Program Files\MATLAB\R2013a\bin;C:\RailsInstaller\Git\cmd;C:\RailsInstaller\Ruby2.1.0\bin;C:\Program Files\Intel\WiFi\bin\;C:\Python27;C:\Python27\python.exe;C:\Python27\Scripts\;C:\Python27\Lib\site-packages\django\bin;C:\Program Files\Google\google_appengine\;C:\Users\ADMIN\Desktop\Everything\eclipse;
USERNAME=ADMIN
OS=Windows_NT
PROCESSOR_IDENTIFIER=x86 Family 6 Model 58 Stepping 9, GenuineIntel



---------------  S Y S T E M  ---------------

OS: Windows 8 Build 9200 

CPU:total 4 (2 cores per cpu, 2 threads per core) family 6 model 58 stepping 9, cmov, cx8, fxsr, mmx, sse, sse2, sse3, ssse3, sse4.1, sse4.2, popcnt, avx, ht, tsc, tscinvbit, tscinv

Memory: 4k page, physical 3246096k(436240k free), swap 13207568k(2012k free)

vm_info: Java HotSpot(TM) Client VM (23.21-b01) for windows-x86 JRE (1.7.0_21-b11), built on Apr  4 2013 04:43:10 by "java_re" with unknown MS VC++:1600

time: Wed Dec 02 01:09:36 2015
elapsed time: 7 seconds

